Time : 2021-04-15, 13:32:34 246062
Assembly : SI.QueryHandler.Factory, Version=1.0.0.0, Culture=neutral, PublicKeyToken=null
Assembly File Name : D:\Depo\Git_Projects\SI.CQRS.Repository\SI.CQRS.Sln\src\QueryHandler.Factory\QueryHandlerFactory.cs
Class : QueryHandlerFactory
Method Name : BootstrapHandlers
Line : 84
Column : 17
Domain Path: D:\Depo\Git_Projects\ServisYonetimPanel\ServisYonetimPanel\Output\
----------------------------------
Time : 2021-04-15, 13:33:08 510848
Assembly : SI.QueryHandler.Factory, Version=1.0.0.0, Culture=neutral, PublicKeyToken=null
Assembly File Name : D:\Depo\Git_Projects\SI.CQRS.Repository\SI.CQRS.Sln\src\QueryHandler.Factory\QueryHandlerFactory.cs
Class : QueryHandlerFactory
Method Name : BootstrapHandlers
Line : 84
Column : 17
Domain Path: D:\Depo\Git_Projects\ServisYonetimPanel\ServisYonetimPanel\Output\
----------------------------------
Time : 2021-04-15, 13:33:45 752367
Assembly : SI.QueryHandler.Factory, Version=1.0.0.0, Culture=neutral, PublicKeyToken=null
Assembly File Name : D:\Depo\Git_Projects\SI.CQRS.Repository\SI.CQRS.Sln\src\QueryHandler.Factory\QueryHandlerFactory.cs
Class : QueryHandlerFactory
Method Name : BootstrapHandlers
Line : 84
Column : 17
Domain Path: D:\Depo\Git_Projects\ServisYonetimPanel\ServisYonetimPanel\Output\
----------------------------------
Time : 2021-04-15, 13:34:35 348883
Assembly : SI.QueryHandler.Factory, Version=1.0.0.0, Culture=neutral, PublicKeyToken=null
Assembly File Name : D:\Depo\Git_Projects\SI.CQRS.Repository\SI.CQRS.Sln\src\QueryHandler.Factory\QueryHandlerFactory.cs
Class : QueryHandlerFactory
Method Name : BootstrapHandlers
Line : 84
Column : 17
Domain Path: D:\Depo\Git_Projects\ServisYonetimPanel\ServisYonetimPanel\Output\
----------------------------------
Time : 2021-04-15, 13:35:41 532696
Assembly : SI.QueryHandler.Factory, Version=1.0.0.0, Culture=neutral, PublicKeyToken=null
Assembly File Name : D:\Depo\Git_Projects\SI.CQRS.Repository\SI.CQRS.Sln\src\QueryHandler.Factory\QueryHandlerFactory.cs
Class : QueryHandlerFactory
Method Name : BootstrapHandlers
Line : 84
Column : 17
Domain Path: D:\Depo\Git_Projects\ServisYonetimPanel\ServisYonetimPanel\Output\
----------------------------------
Time : 2021-04-15, 13:37:53 111883
Assembly : SI.QueryHandler.Factory, Version=1.0.0.0, Culture=neutral, PublicKeyToken=null
Assembly File Name : D:\Depo\Git_Projects\SI.CQRS.Repository\SI.CQRS.Sln\src\QueryHandler.Factory\QueryHandlerFactory.cs
Class : QueryHandlerFactory
Method Name : BootstrapHandlers
Line : 84
Column : 17
Domain Path: D:\Depo\Git_Projects\ServisYonetimPanel\ServisYonetimPanel\Output\
----------------------------------
