Time : 2021-04-15, 12:15:24 871488
Assembly : SI.CommandHandler.Factory, Version=1.0.0.0, Culture=neutral, PublicKeyToken=null
Assembly File Name : D:\Depo\Git_Projects\SI.CQRS.Repository\SI.CQRS.Sln\src\CommandHandler.Factory\CommandHandlerFactory.cs
Class : CommandHandlerFactory
Method Name : BootstrapHandlers
Line : 84
Column : 17
Domain Path: D:\Depo\Git_Projects\ServisYonetimPanel\ServisYonetimPanel\Output\
----------------------------------
Time : 2021-04-15, 12:18:16 243228
Assembly : SI.CommandHandler.Factory, Version=1.0.0.0, Culture=neutral, PublicKeyToken=null
Assembly File Name : D:\Depo\Git_Projects\SI.CQRS.Repository\SI.CQRS.Sln\src\CommandHandler.Factory\CommandHandlerFactory.cs
Class : CommandHandlerFactory
Method Name : BootstrapHandlers
Line : 84
Column : 17
Domain Path: D:\Depo\Git_Projects\ServisYonetimPanel\ServisYonetimPanel\Output\
----------------------------------
Time : 2021-04-15, 12:25:20 926721
Assembly : SI.CommandHandler.Factory, Version=1.0.0.0, Culture=neutral, PublicKeyToken=null
Assembly File Name : D:\Depo\Git_Projects\SI.CQRS.Repository\SI.CQRS.Sln\src\CommandHandler.Factory\CommandHandlerFactory.cs
Class : CommandHandlerFactory
Method Name : BootstrapHandlers
Line : 84
Column : 17
Domain Path: D:\Depo\Git_Projects\ServisYonetimPanel\ServisYonetimPanel\Output\
----------------------------------
Time : 2021-04-15, 13:32:30 194346
Assembly : SI.CommandHandler.Factory, Version=1.0.0.0, Culture=neutral, PublicKeyToken=null
Assembly File Name : D:\Depo\Git_Projects\SI.CQRS.Repository\SI.CQRS.Sln\src\CommandHandler.Factory\CommandHandlerFactory.cs
Class : CommandHandlerFactory
Method Name : BootstrapHandlers
Line : 84
Column : 17
Domain Path: D:\Depo\Git_Projects\ServisYonetimPanel\ServisYonetimPanel\Output\
----------------------------------
Time : 2021-04-15, 13:33:08 014155
Assembly : SI.CommandHandler.Factory, Version=1.0.0.0, Culture=neutral, PublicKeyToken=null
Assembly File Name : D:\Depo\Git_Projects\SI.CQRS.Repository\SI.CQRS.Sln\src\CommandHandler.Factory\CommandHandlerFactory.cs
Class : CommandHandlerFactory
Method Name : BootstrapHandlers
Line : 84
Column : 17
Domain Path: D:\Depo\Git_Projects\ServisYonetimPanel\ServisYonetimPanel\Output\
----------------------------------
Time : 2021-04-15, 13:33:45 241657
Assembly : SI.CommandHandler.Factory, Version=1.0.0.0, Culture=neutral, PublicKeyToken=null
Assembly File Name : D:\Depo\Git_Projects\SI.CQRS.Repository\SI.CQRS.Sln\src\CommandHandler.Factory\CommandHandlerFactory.cs
Class : CommandHandlerFactory
Method Name : BootstrapHandlers
Line : 84
Column : 17
Domain Path: D:\Depo\Git_Projects\ServisYonetimPanel\ServisYonetimPanel\Output\
----------------------------------
Time : 2021-04-15, 13:34:34 830183
Assembly : SI.CommandHandler.Factory, Version=1.0.0.0, Culture=neutral, PublicKeyToken=null
Assembly File Name : D:\Depo\Git_Projects\SI.CQRS.Repository\SI.CQRS.Sln\src\CommandHandler.Factory\CommandHandlerFactory.cs
Class : CommandHandlerFactory
Method Name : BootstrapHandlers
Line : 84
Column : 17
Domain Path: D:\Depo\Git_Projects\ServisYonetimPanel\ServisYonetimPanel\Output\
----------------------------------
Time : 2021-04-15, 13:35:41 017007
Assembly : SI.CommandHandler.Factory, Version=1.0.0.0, Culture=neutral, PublicKeyToken=null
Assembly File Name : D:\Depo\Git_Projects\SI.CQRS.Repository\SI.CQRS.Sln\src\CommandHandler.Factory\CommandHandlerFactory.cs
Class : CommandHandlerFactory
Method Name : BootstrapHandlers
Line : 84
Column : 17
Domain Path: D:\Depo\Git_Projects\ServisYonetimPanel\ServisYonetimPanel\Output\
----------------------------------
Time : 2021-04-15, 13:37:52 587215
Assembly : SI.CommandHandler.Factory, Version=1.0.0.0, Culture=neutral, PublicKeyToken=null
Assembly File Name : D:\Depo\Git_Projects\SI.CQRS.Repository\SI.CQRS.Sln\src\CommandHandler.Factory\CommandHandlerFactory.cs
Class : CommandHandlerFactory
Method Name : BootstrapHandlers
Line : 84
Column : 17
Domain Path: D:\Depo\Git_Projects\ServisYonetimPanel\ServisYonetimPanel\Output\
----------------------------------
