Time : 2021-04-14, 10:39:07 142755
Assembly : SI.CommandHandler.Factory, Version=1.0.0.0, Culture=neutral, PublicKeyToken=null
Assembly File Name : D:\Depo\Git_Projects\SI.CQRS.Repository\SI.CQRS.Sln\src\CommandHandler.Factory\CommandHandlerFactory.cs
Class : CommandHandlerFactory
Method Name : BootstrapHandlers
Line : 84
Column : 17
Domain Path: D:\Depo\Git_Projects\ServisYonetimPanel\ServisYonetimPanel\Output\
----------------------------------
Time : 2021-04-14, 10:46:18 684380
Assembly : SI.CommandHandler.Factory, Version=1.0.0.0, Culture=neutral, PublicKeyToken=null
Assembly File Name : D:\Depo\Git_Projects\SI.CQRS.Repository\SI.CQRS.Sln\src\CommandHandler.Factory\CommandHandlerFactory.cs
Class : CommandHandlerFactory
Method Name : BootstrapHandlers
Line : 84
Column : 17
Domain Path: D:\Depo\Git_Projects\ServisYonetimPanel\ServisYonetimPanel\Output\
----------------------------------
Time : 2021-04-14, 11:46:29 095257
Assembly : SI.CommandHandler.Factory, Version=1.0.0.0, Culture=neutral, PublicKeyToken=null
Assembly File Name : D:\Depo\Git_Projects\SI.CQRS.Repository\SI.CQRS.Sln\src\CommandHandler.Factory\CommandHandlerFactory.cs
Class : CommandHandlerFactory
Method Name : BootstrapHandlers
Line : 84
Column : 17
Domain Path: D:\Depo\Git_Projects\ServisYonetimPanel\ServisYonetimPanel\Output\
----------------------------------
