Time : 2021-04-15, 12:18:03 610462
Assembly : Syp.CommandHandlers, Version=1.0.0.0, Culture=neutral, PublicKeyToken=null
Assembly File Name : D:\Depo\Git_Projects\ServisYonetimPanel\ServisYonetimPanel\Syp.CommandHandlers\Insert\ServiceDetailTypeInsertCommandHandler.cs
Class : ServiceDetailTypeInsertCommandHandler
Method Name : Handle
Line : 50
Column : 17
Message : ERROR: 23503: insert or update on table "service_detail_type" violates foreign key constraint "fk_service_detail_type_created_by"
Stack Trace :    konum: Npgsql.NpgsqlState.<ProcessBackendResponses_Ver_3>d__a.MoveNext() c:\C#Apps\github.npgsql.Npgsql.stock\src\Npgsql\NpgsqlState.cs içinde: satır 887
   konum: Npgsql.ForwardsOnlyDataReader.GetNextResponseObject() c:\C#Apps\github.npgsql.Npgsql.stock\src\Npgsql\NpgsqlDataReader.cs içinde: satır 1173
   konum: Npgsql.ForwardsOnlyDataReader.GetNextRowDescription() c:\C#Apps\github.npgsql.Npgsql.stock\src\Npgsql\NpgsqlDataReader.cs içinde: satır 1191
   konum: Npgsql.ForwardsOnlyDataReader.NextResult() c:\C#Apps\github.npgsql.Npgsql.stock\src\Npgsql\NpgsqlDataReader.cs içinde: satır 1377
   konum: Npgsql.ForwardsOnlyDataReader..ctor(IEnumerable`1 dataEnumeration, CommandBehavior behavior, NpgsqlCommand command, NotificationThreadBlock threadBlock, Boolean synchOnReadError) c:\C#Apps\github.npgsql.Npgsql.stock\src\Npgsql\NpgsqlDataReader.cs içinde: satır 1040
   konum: Npgsql.NpgsqlCommand.GetReader(CommandBehavior cb) c:\C#Apps\github.npgsql.Npgsql.stock\src\Npgsql\NpgsqlCommand.cs içinde: satır 609
   konum: Npgsql.NpgsqlCommand.ExecuteScalar() c:\C#Apps\github.npgsql.Npgsql.stock\src\Npgsql\NpgsqlCommand.cs içinde: satır 722
   konum: SimpleInfra.Data.Extensions.SimpleDbOperatorV2.ExecuteScalarQuery(IDbConnection connection, SimpleCommandDefinition commandDefinition, IDbTransaction transaction) C:\GitProjects\SI.Extensions.Repo\SI.Extensions.Repo.Soln\SimpleInfra.Data.Extensions\ConnectionExtensions\SimpleDbOperatorV2.cs içinde: satır 109
   konum: SimpleInfra.Crud.Extensions.Command.BaseCommandExecutor.InsertAndGetId_Scalar[T](IDbConnection dbConnection, T entity, IDbTransaction transaction, Nullable`1 commandTimeout) C:\GitProjects\SI.Crud.Extensions.Repo\SI.Crud.Extensions.Repo\SimpleInfra.Crud.Extensions\Command\Core\BaseCommandExecutor.cs içinde: satır 183
   konum: SimpleInfra.Crud.Extensions.Command.PgSqlCommandExecutor.InsertAndGetId[T](IDbConnection connection, T entity, IDbTransaction transaction, Nullable`1 commandTimeout) C:\GitProjects\SI.Crud.Extensions.Repo\SI.Crud.Extensions.Repo\SimpleInfra.Crud.Extensions\Command\PgSqlCommandExecutor.cs içinde: satır 24
   konum: SimpleInfra.Crud.Extensions.ConnectionExtensions.SimpleCrudOperator.InsertAndGetId[T](IDbConnection dbConnection, T entity, IDbTransaction transaction, Nullable`1 commandTimeout) C:\GitProjects\SI.Crud.Extensions.Repo\SI.Crud.Extensions.Repo\SimpleInfra.Crud.Extensions\ConnectionExtensions\SimpleCrudOperator.cs içinde: satır 364
   konum: Syp.CommandHandlers.Insert.ServiceDetailTypeInsertCommandHandler.Handle(ServiceDetailTypeInsertCommand command) D:\Depo\Git_Projects\ServisYonetimPanel\ServisYonetimPanel\Syp.CommandHandlers\Insert\ServiceDetailTypeInsertCommandHandler.cs içinde: satır 36
Exception Data : Npgsql.NpgsqlException:
insert or update on table "service_detail_type" violates foreign key constraint "fk_service_detail_type_created_by"
Severity: ERROR
Code: 23503
   konum: Npgsql.NpgsqlState.<ProcessBackendResponses_Ver_3>d__a.MoveNext() c:\C#Apps\github.npgsql.Npgsql.stock\src\Npgsql\NpgsqlState.cs içinde: satır 887
   konum: Npgsql.ForwardsOnlyDataReader.GetNextResponseObject() c:\C#Apps\github.npgsql.Npgsql.stock\src\Npgsql\NpgsqlDataReader.cs içinde: satır 1173
   konum: Npgsql.ForwardsOnlyDataReader.GetNextRowDescription() c:\C#Apps\github.npgsql.Npgsql.stock\src\Npgsql\NpgsqlDataReader.cs içinde: satır 1191
   konum: Npgsql.ForwardsOnlyDataReader.NextResult() c:\C#Apps\github.npgsql.Npgsql.stock\src\Npgsql\NpgsqlDataReader.cs içinde: satır 1377
   konum: Npgsql.ForwardsOnlyDataReader..ctor(IEnumerable`1 dataEnumeration, CommandBehavior behavior, NpgsqlCommand command, NotificationThreadBlock threadBlock, Boolean synchOnReadError) c:\C#Apps\github.npgsql.Npgsql.stock\src\Npgsql\NpgsqlDataReader.cs içinde: satır 1040
   konum: Npgsql.NpgsqlCommand.GetReader(CommandBehavior cb) c:\C#Apps\github.npgsql.Npgsql.stock\src\Npgsql\NpgsqlCommand.cs içinde: satır 609
   konum: Npgsql.NpgsqlCommand.ExecuteScalar() c:\C#Apps\github.npgsql.Npgsql.stock\src\Npgsql\NpgsqlCommand.cs içinde: satır 722
   konum: SimpleInfra.Data.Extensions.SimpleDbOperatorV2.ExecuteScalarQuery(IDbConnection connection, SimpleCommandDefinition commandDefinition, IDbTransaction transaction) C:\GitProjects\SI.Extensions.Repo\SI.Extensions.Repo.Soln\SimpleInfra.Data.Extensions\ConnectionExtensions\SimpleDbOperatorV2.cs içinde: satır 109
   konum: SimpleInfra.Crud.Extensions.Command.BaseCommandExecutor.InsertAndGetId_Scalar[T](IDbConnection dbConnection, T entity, IDbTransaction transaction, Nullable`1 commandTimeout) C:\GitProjects\SI.Crud.Extensions.Repo\SI.Crud.Extensions.Repo\SimpleInfra.Crud.Extensions\Command\Core\BaseCommandExecutor.cs içinde: satır 183
   konum: SimpleInfra.Crud.Extensions.Command.PgSqlCommandExecutor.InsertAndGetId[T](IDbConnection connection, T entity, IDbTransaction transaction, Nullable`1 commandTimeout) C:\GitProjects\SI.Crud.Extensions.Repo\SI.Crud.Extensions.Repo\SimpleInfra.Crud.Extensions\Command\PgSqlCommandExecutor.cs içinde: satır 24
   konum: SimpleInfra.Crud.Extensions.ConnectionExtensions.SimpleCrudOperator.InsertAndGetId[T](IDbConnection dbConnection, T entity, IDbTransaction transaction, Nullable`1 commandTimeout) C:\GitProjects\SI.Crud.Extensions.Repo\SI.Crud.Extensions.Repo\SimpleInfra.Crud.Extensions\ConnectionExtensions\SimpleCrudOperator.cs içinde: satır 364
   konum: Syp.CommandHandlers.Insert.ServiceDetailTypeInsertCommandHandler.Handle(ServiceDetailTypeInsertCommand command) D:\Depo\Git_Projects\ServisYonetimPanel\ServisYonetimPanel\Syp.CommandHandlers\Insert\ServiceDetailTypeInsertCommandHandler.cs içinde: satır 36
----------------------------------
